mode: atomic
github.com/TheWeatherCompany/icm-redis-operator/pkg/controller/sanitycheck/clustersplit.go:16.126,19.23 2 0
github.com/TheWeatherCompany/icm-redis-operator/pkg/controller/sanitycheck/clustersplit.go:25.2,26.19 2 0
github.com/TheWeatherCompany/icm-redis-operator/pkg/controller/sanitycheck/clustersplit.go:19.23,20.13 1 0
github.com/TheWeatherCompany/icm-redis-operator/pkg/controller/sanitycheck/clustersplit.go:23.3,23.57 1 0
github.com/TheWeatherCompany/icm-redis-operator/pkg/controller/sanitycheck/clustersplit.go:20.13,22.4 1 0
github.com/TheWeatherCompany/icm-redis-operator/pkg/controller/sanitycheck/clustersplit.go:31.99,36.27 4 0
github.com/TheWeatherCompany/icm-redis-operator/pkg/controller/sanitycheck/clustersplit.go:40.2,45.38 3 0
github.com/TheWeatherCompany/icm-redis-operator/pkg/controller/sanitycheck/clustersplit.go:66.2,66.34 1 0
github.com/TheWeatherCompany/icm-redis-operator/pkg/controller/sanitycheck/clustersplit.go:36.27,39.3 2 0
github.com/TheWeatherCompany/icm-redis-operator/pkg/controller/sanitycheck/clustersplit.go:45.38,52.36 3 0
github.com/TheWeatherCompany/icm-redis-operator/pkg/controller/sanitycheck/clustersplit.go:63.3,63.23 1 0
github.com/TheWeatherCompany/icm-redis-operator/pkg/controller/sanitycheck/clustersplit.go:52.36,53.80 1 0
github.com/TheWeatherCompany/icm-redis-operator/pkg/controller/sanitycheck/clustersplit.go:57.4,57.62 1 0
github.com/TheWeatherCompany/icm-redis-operator/pkg/controller/sanitycheck/clustersplit.go:53.80,56.5 2 0
github.com/TheWeatherCompany/icm-redis-operator/pkg/controller/sanitycheck/clustersplit.go:57.62,60.5 2 0
github.com/TheWeatherCompany/icm-redis-operator/pkg/controller/sanitycheck/clustersplit.go:69.64,70.24 1 0
github.com/TheWeatherCompany/icm-redis-operator/pkg/controller/sanitycheck/clustersplit.go:74.2,76.29 3 0
github.com/TheWeatherCompany/icm-redis-operator/pkg/controller/sanitycheck/clustersplit.go:82.2,82.23 1 0
github.com/TheWeatherCompany/icm-redis-operator/pkg/controller/sanitycheck/clustersplit.go:86.2,86.33 1 0
github.com/TheWeatherCompany/icm-redis-operator/pkg/controller/sanitycheck/clustersplit.go:70.24,72.3 1 0
github.com/TheWeatherCompany/icm-redis-operator/pkg/controller/sanitycheck/clustersplit.go:76.29,77.23 1 0
github.com/TheWeatherCompany/icm-redis-operator/pkg/controller/sanitycheck/clustersplit.go:77.23,80.4 2 0
github.com/TheWeatherCompany/icm-redis-operator/pkg/controller/sanitycheck/clustersplit.go:82.23,85.3 2 0
github.com/TheWeatherCompany/icm-redis-operator/pkg/controller/sanitycheck/clustersplit.go:91.62,93.40 2 0
github.com/TheWeatherCompany/icm-redis-operator/pkg/controller/sanitycheck/clustersplit.go:118.2,118.17 1 0
github.com/TheWeatherCompany/icm-redis-operator/pkg/controller/sanitycheck/clustersplit.go:93.40,94.48 1 0
github.com/TheWeatherCompany/icm-redis-operator/pkg/controller/sanitycheck/clustersplit.go:97.3,100.30 3 0
github.com/TheWeatherCompany/icm-redis-operator/pkg/controller/sanitycheck/clustersplit.go:106.3,107.26 2 0
github.com/TheWeatherCompany/icm-redis-operator/pkg/controller/sanitycheck/clustersplit.go:114.3,114.15 1 0
github.com/TheWeatherCompany/icm-redis-operator/pkg/controller/sanitycheck/clustersplit.go:94.48,95.12 1 0
github.com/TheWeatherCompany/icm-redis-operator/pkg/controller/sanitycheck/clustersplit.go:100.30,101.33 1 0
github.com/TheWeatherCompany/icm-redis-operator/pkg/controller/sanitycheck/clustersplit.go:101.33,103.5 1 0
github.com/TheWeatherCompany/icm-redis-operator/pkg/controller/sanitycheck/clustersplit.go:107.26,108.37 1 0
github.com/TheWeatherCompany/icm-redis-operator/pkg/controller/sanitycheck/clustersplit.go:108.37,110.10 2 0
github.com/TheWeatherCompany/icm-redis-operator/pkg/controller/sanitycheck/clustersplit.go:114.15,116.4 1 0
github.com/TheWeatherCompany/icm-redis-operator/pkg/controller/sanitycheck/clustersplit.go:121.58,122.29 1 0
github.com/TheWeatherCompany/icm-redis-operator/pkg/controller/sanitycheck/clustersplit.go:129.2,129.14 1 0
github.com/TheWeatherCompany/icm-redis-operator/pkg/controller/sanitycheck/clustersplit.go:122.29,123.30 1 0
github.com/TheWeatherCompany/icm-redis-operator/pkg/controller/sanitycheck/clustersplit.go:123.30,124.24 1 0
github.com/TheWeatherCompany/icm-redis-operator/pkg/controller/sanitycheck/clustersplit.go:124.24,126.5 1 0
github.com/TheWeatherCompany/icm-redis-operator/pkg/controller/sanitycheck/failednodes.go:13.131,17.28 4 0
github.com/TheWeatherCompany/icm-redis-operator/pkg/controller/sanitycheck/failednodes.go:27.2,27.48 1 0
github.com/TheWeatherCompany/icm-redis-operator/pkg/controller/sanitycheck/failednodes.go:17.28,20.14 3 0
github.com/TheWeatherCompany/icm-redis-operator/pkg/controller/sanitycheck/failednodes.go:20.14,21.47 1 0
github.com/TheWeatherCompany/icm-redis-operator/pkg/controller/sanitycheck/failednodes.go:21.47,23.5 1 0
github.com/TheWeatherCompany/icm-redis-operator/pkg/controller/sanitycheck/failednodes.go:32.92,34.40 2 0
github.com/TheWeatherCompany/icm-redis-operator/pkg/controller/sanitycheck/failednodes.go:37.2,37.40 1 0
github.com/TheWeatherCompany/icm-redis-operator/pkg/controller/sanitycheck/failednodes.go:57.2,57.22 1 0
github.com/TheWeatherCompany/icm-redis-operator/pkg/controller/sanitycheck/failednodes.go:34.40,36.3 1 0
github.com/TheWeatherCompany/icm-redis-operator/pkg/controller/sanitycheck/failednodes.go:37.40,38.42 1 0
github.com/TheWeatherCompany/icm-redis-operator/pkg/controller/sanitycheck/failednodes.go:38.42,40.46 1 0
github.com/TheWeatherCompany/icm-redis-operator/pkg/controller/sanitycheck/failednodes.go:43.4,43.85 1 0
github.com/TheWeatherCompany/icm-redis-operator/pkg/controller/sanitycheck/failednodes.go:40.46,42.5 1 0
github.com/TheWeatherCompany/icm-redis-operator/pkg/controller/sanitycheck/failednodes.go:43.85,46.54 2 0
github.com/TheWeatherCompany/icm-redis-operator/pkg/controller/sanitycheck/failednodes.go:51.5,51.15 1 0
github.com/TheWeatherCompany/icm-redis-operator/pkg/controller/sanitycheck/failednodes.go:46.54,47.27 1 0
github.com/TheWeatherCompany/icm-redis-operator/pkg/controller/sanitycheck/failednodes.go:47.27,49.7 1 0
github.com/TheWeatherCompany/icm-redis-operator/pkg/controller/sanitycheck/failednodes.go:51.15,53.6 1 0
github.com/TheWeatherCompany/icm-redis-operator/pkg/controller/sanitycheck/ghostmaster.go:14.166,18.32 4 2
github.com/TheWeatherCompany/icm-redis-operator/pkg/controller/sanitycheck/ghostmaster.go:27.2,27.48 1 2
github.com/TheWeatherCompany/icm-redis-operator/pkg/controller/sanitycheck/ghostmaster.go:18.32,22.50 3 1
github.com/TheWeatherCompany/icm-redis-operator/pkg/controller/sanitycheck/ghostmaster.go:22.50,24.4 1 0
github.com/TheWeatherCompany/icm-redis-operator/pkg/controller/sanitycheck/ghostmaster.go:30.135,31.40 1 2
github.com/TheWeatherCompany/icm-redis-operator/pkg/controller/sanitycheck/ghostmaster.go:35.2,36.40 2 2
github.com/TheWeatherCompany/icm-redis-operator/pkg/controller/sanitycheck/ghostmaster.go:42.2,43.16 2 2
github.com/TheWeatherCompany/icm-redis-operator/pkg/controller/sanitycheck/ghostmaster.go:47.2,48.29 2 2
github.com/TheWeatherCompany/icm-redis-operator/pkg/controller/sanitycheck/ghostmaster.go:63.2,63.15 1 2
github.com/TheWeatherCompany/icm-redis-operator/pkg/controller/sanitycheck/ghostmaster.go:31.40,33.3 1 0
github.com/TheWeatherCompany/icm-redis-operator/pkg/controller/sanitycheck/ghostmaster.go:36.40,37.81 1 4
github.com/TheWeatherCompany/icm-redis-operator/pkg/controller/sanitycheck/ghostmaster.go:37.81,39.4 1 2
github.com/TheWeatherCompany/icm-redis-operator/pkg/controller/sanitycheck/ghostmaster.go:43.16,45.3 1 0
github.com/TheWeatherCompany/icm-redis-operator/pkg/controller/sanitycheck/ghostmaster.go:48.29,54.43 4 1
github.com/TheWeatherCompany/icm-redis-operator/pkg/controller/sanitycheck/ghostmaster.go:58.3,58.29 1 1
github.com/TheWeatherCompany/icm-redis-operator/pkg/controller/sanitycheck/ghostmaster.go:54.43,56.4 1 0
github.com/TheWeatherCompany/icm-redis-operator/pkg/controller/sanitycheck/ghostmaster.go:58.29,60.4 1 1
github.com/TheWeatherCompany/icm-redis-operator/pkg/controller/sanitycheck/meetnodes.go:11.104,13.2 1 0
github.com/TheWeatherCompany/icm-redis-operator/pkg/controller/sanitycheck/meetnodes.go:17.132,18.40 1 4
github.com/TheWeatherCompany/icm-redis-operator/pkg/controller/sanitycheck/meetnodes.go:21.2,24.36 3 3
github.com/TheWeatherCompany/icm-redis-operator/pkg/controller/sanitycheck/meetnodes.go:52.2,52.32 1 3
github.com/TheWeatherCompany/icm-redis-operator/pkg/controller/sanitycheck/meetnodes.go:18.40,20.3 1 1
github.com/TheWeatherCompany/icm-redis-operator/pkg/controller/sanitycheck/meetnodes.go:24.36,25.37 1 10
github.com/TheWeatherCompany/icm-redis-operator/pkg/controller/sanitycheck/meetnodes.go:25.37,26.38 1 34
github.com/TheWeatherCompany/icm-redis-operator/pkg/controller/sanitycheck/meetnodes.go:29.4,30.42 2 24
github.com/TheWeatherCompany/icm-redis-operator/pkg/controller/sanitycheck/meetnodes.go:37.4,37.14 1 24
github.com/TheWeatherCompany/icm-redis-operator/pkg/controller/sanitycheck/meetnodes.go:26.38,27.13 1 10
github.com/TheWeatherCompany/icm-redis-operator/pkg/controller/sanitycheck/meetnodes.go:30.42,31.36 1 31
github.com/TheWeatherCompany/icm-redis-operator/pkg/controller/sanitycheck/meetnodes.go:31.36,33.11 2 16
github.com/TheWeatherCompany/icm-redis-operator/pkg/controller/sanitycheck/meetnodes.go:37.14,39.16 2 8
github.com/TheWeatherCompany/icm-redis-operator/pkg/controller/sanitycheck/meetnodes.go:42.5,42.19 1 8
github.com/TheWeatherCompany/icm-redis-operator/pkg/controller/sanitycheck/meetnodes.go:39.16,41.6 1 8
github.com/TheWeatherCompany/icm-redis-operator/pkg/controller/sanitycheck/meetnodes.go:42.19,45.6 2 6
github.com/TheWeatherCompany/icm-redis-operator/pkg/controller/sanitycheck/meetnodes.go:45.11,47.6 1 2
github.com/TheWeatherCompany/icm-redis-operator/pkg/controller/sanitycheck/meetnodes.go:55.76,58.16 3 0
github.com/TheWeatherCompany/icm-redis-operator/pkg/controller/sanitycheck/meetnodes.go:61.2,61.74 1 0
github.com/TheWeatherCompany/icm-redis-operator/pkg/controller/sanitycheck/meetnodes.go:64.2,64.12 1 0
github.com/TheWeatherCompany/icm-redis-operator/pkg/controller/sanitycheck/meetnodes.go:58.16,60.3 1 0
github.com/TheWeatherCompany/icm-redis-operator/pkg/controller/sanitycheck/meetnodes.go:61.74,63.3 1 0
github.com/TheWeatherCompany/icm-redis-operator/pkg/controller/sanitycheck/process.go:16.213,18.81 1 0
github.com/TheWeatherCompany/icm-redis-operator/pkg/controller/sanitycheck/process.go:26.2,26.96 1 0
github.com/TheWeatherCompany/icm-redis-operator/pkg/controller/sanitycheck/process.go:34.2,34.98 1 0
github.com/TheWeatherCompany/icm-redis-operator/pkg/controller/sanitycheck/process.go:42.2,42.81 1 0
github.com/TheWeatherCompany/icm-redis-operator/pkg/controller/sanitycheck/process.go:49.2,49.24 1 0
github.com/TheWeatherCompany/icm-redis-operator/pkg/controller/sanitycheck/process.go:18.81,20.3 1 0
github.com/TheWeatherCompany/icm-redis-operator/pkg/controller/sanitycheck/process.go:20.8,20.23 1 0
github.com/TheWeatherCompany/icm-redis-operator/pkg/controller/sanitycheck/process.go:20.23,23.3 2 0
github.com/TheWeatherCompany/icm-redis-operator/pkg/controller/sanitycheck/process.go:26.96,28.3 1 0
github.com/TheWeatherCompany/icm-redis-operator/pkg/controller/sanitycheck/process.go:28.8,28.23 1 0
github.com/TheWeatherCompany/icm-redis-operator/pkg/controller/sanitycheck/process.go:28.23,31.3 2 0
github.com/TheWeatherCompany/icm-redis-operator/pkg/controller/sanitycheck/process.go:34.98,36.3 1 0
github.com/TheWeatherCompany/icm-redis-operator/pkg/controller/sanitycheck/process.go:36.8,36.23 1 0
github.com/TheWeatherCompany/icm-redis-operator/pkg/controller/sanitycheck/process.go:36.23,39.3 2 0
github.com/TheWeatherCompany/icm-redis-operator/pkg/controller/sanitycheck/process.go:42.81,44.3 1 0
github.com/TheWeatherCompany/icm-redis-operator/pkg/controller/sanitycheck/process.go:44.8,44.23 1 0
github.com/TheWeatherCompany/icm-redis-operator/pkg/controller/sanitycheck/process.go:44.23,47.3 2 0
github.com/TheWeatherCompany/icm-redis-operator/pkg/controller/sanitycheck/terminatingpod.go:16.151,20.37 3 0
github.com/TheWeatherCompany/icm-redis-operator/pkg/controller/sanitycheck/terminatingpod.go:24.2,25.16 2 0
github.com/TheWeatherCompany/icm-redis-operator/pkg/controller/sanitycheck/terminatingpod.go:29.2,30.34 2 0
github.com/TheWeatherCompany/icm-redis-operator/pkg/controller/sanitycheck/terminatingpod.go:47.2,47.46 1 0
github.com/TheWeatherCompany/icm-redis-operator/pkg/controller/sanitycheck/terminatingpod.go:20.37,22.3 1 0
github.com/TheWeatherCompany/icm-redis-operator/pkg/controller/sanitycheck/terminatingpod.go:25.16,27.3 1 0
github.com/TheWeatherCompany/icm-redis-operator/pkg/controller/sanitycheck/terminatingpod.go:30.34,31.35 1 0
github.com/TheWeatherCompany/icm-redis-operator/pkg/controller/sanitycheck/terminatingpod.go:35.3,36.26 2 0
github.com/TheWeatherCompany/icm-redis-operator/pkg/controller/sanitycheck/terminatingpod.go:31.35,33.12 1 0
github.com/TheWeatherCompany/icm-redis-operator/pkg/controller/sanitycheck/terminatingpod.go:36.26,39.15 2 0
github.com/TheWeatherCompany/icm-redis-operator/pkg/controller/sanitycheck/terminatingpod.go:39.15,40.67 1 0
github.com/TheWeatherCompany/icm-redis-operator/pkg/controller/sanitycheck/terminatingpod.go:40.67,42.6 1 0
github.com/TheWeatherCompany/icm-redis-operator/pkg/controller/sanitycheck/untrustednodes.go:16.178,22.16 5 5
github.com/TheWeatherCompany/icm-redis-operator/pkg/controller/sanitycheck/untrustednodes.go:26.2,26.39 1 5
github.com/TheWeatherCompany/icm-redis-operator/pkg/controller/sanitycheck/untrustednodes.go:57.2,57.48 1 5
github.com/TheWeatherCompany/icm-redis-operator/pkg/controller/sanitycheck/untrustednodes.go:22.16,24.3 1 0
github.com/TheWeatherCompany/icm-redis-operator/pkg/controller/sanitycheck/untrustednodes.go:26.39,27.43 1 4
github.com/TheWeatherCompany/icm-redis-operator/pkg/controller/sanitycheck/untrustednodes.go:33.3,34.54 2 4
github.com/TheWeatherCompany/icm-redis-operator/pkg/controller/sanitycheck/untrustednodes.go:39.3,39.21 1 4
github.com/TheWeatherCompany/icm-redis-operator/pkg/controller/sanitycheck/untrustednodes.go:43.3,44.23 2 3
github.com/TheWeatherCompany/icm-redis-operator/pkg/controller/sanitycheck/untrustednodes.go:49.3,50.14 2 3
github.com/TheWeatherCompany/icm-redis-operator/pkg/controller/sanitycheck/untrustednodes.go:27.43,28.44 1 9
github.com/TheWeatherCompany/icm-redis-operator/pkg/controller/sanitycheck/untrustednodes.go:31.4,31.16 1 8
github.com/TheWeatherCompany/icm-redis-operator/pkg/controller/sanitycheck/untrustednodes.go:28.44,30.5 1 1
github.com/TheWeatherCompany/icm-redis-operator/pkg/controller/sanitycheck/untrustednodes.go:34.54,37.12 3 0
github.com/TheWeatherCompany/icm-redis-operator/pkg/controller/sanitycheck/untrustednodes.go:39.21,41.12 1 1
github.com/TheWeatherCompany/icm-redis-operator/pkg/controller/sanitycheck/untrustednodes.go:44.23,45.72 1 1
github.com/TheWeatherCompany/icm-redis-operator/pkg/controller/sanitycheck/untrustednodes.go:45.72,47.5 1 0
github.com/TheWeatherCompany/icm-redis-operator/pkg/controller/sanitycheck/untrustednodes.go:50.14,51.47 1 3
github.com/TheWeatherCompany/icm-redis-operator/pkg/controller/sanitycheck/untrustednodes.go:51.47,53.5 1 0
github.com/TheWeatherCompany/icm-redis-operator/pkg/controller/sanitycheck/untrustednodes.go:60.75,62.40 2 5
github.com/TheWeatherCompany/icm-redis-operator/pkg/controller/sanitycheck/untrustednodes.go:65.2,65.40 1 5
github.com/TheWeatherCompany/icm-redis-operator/pkg/controller/sanitycheck/untrustednodes.go:75.2,75.23 1 5
github.com/TheWeatherCompany/icm-redis-operator/pkg/controller/sanitycheck/untrustednodes.go:62.40,64.3 1 0
github.com/TheWeatherCompany/icm-redis-operator/pkg/controller/sanitycheck/untrustednodes.go:65.40,66.42 1 11
github.com/TheWeatherCompany/icm-redis-operator/pkg/controller/sanitycheck/untrustednodes.go:66.42,68.49 1 18
github.com/TheWeatherCompany/icm-redis-operator/pkg/controller/sanitycheck/untrustednodes.go:68.49,69.52 1 4
github.com/TheWeatherCompany/icm-redis-operator/pkg/controller/sanitycheck/untrustednodes.go:69.52,71.6 1 4
github.com/TheWeatherCompany/icm-redis-operator/pkg/controller/sanitycheck/untrustednodes.go:78.102,79.21 1 3
github.com/TheWeatherCompany/icm-redis-operator/pkg/controller/sanitycheck/untrustednodes.go:82.2,82.37 1 3
github.com/TheWeatherCompany/icm-redis-operator/pkg/controller/sanitycheck/untrustednodes.go:96.2,96.22 1 3
github.com/TheWeatherCompany/icm-redis-operator/pkg/controller/sanitycheck/untrustednodes.go:79.21,81.3 1 0
github.com/TheWeatherCompany/icm-redis-operator/pkg/controller/sanitycheck/untrustednodes.go:82.37,83.39 1 8
github.com/TheWeatherCompany/icm-redis-operator/pkg/controller/sanitycheck/untrustednodes.go:83.39,85.56 2 2
github.com/TheWeatherCompany/icm-redis-operator/pkg/controller/sanitycheck/untrustednodes.go:85.56,92.10 2 1
